<?xml version="1.0" encoding="UTF-8"?>
<testsuite xmlns:xsi="http://www.w3.org/2001/XMLSchema-instance" xsi:noNamespaceSchemaLocation="https://maven.apache.org/surefire/maven-surefire-plugin/xsd/surefire-test-report-3.0.xsd" version="3.0" name="testrunners.RunCucumberTest" time="61.792" tests="5" errors="0" skipped="0" failures="0">
  <properties>
[...]
</properties>
  <testcase name="Capture network requests" classname="Network Monitoring using Chrome DevTools" time="3.326">
    <system-out><![CDATA[
Scenario: Capture network requests           # src/test/resources/features/network.feature:3
Browser Launched successfully==========
  Given I launch the browser                 # stepdefinations.chromeCDPStep.iLaunchTheBrowser()
  When I enable network monitoring           # stepdefinations.chromeCDPStep.iEnableNetworkMonitoring()
  Then I should capture the network requests # stepdefinations.chromeCDPStep.iShouldCaptureTheNetworkRequests()
Browser closed successfully==========
]]></system-out>
    <system-err><![CDATA[SLF4J(W): No SLF4J providers were found.
SLF4J(W): Defaulting to no-operation (NOP) logger implementation
SLF4J(W): See https://www.slf4j.org/codes.html#noProviders for further details.
Sep 26, 2024 5:43:41 PM org.openqa.selenium.devtools.CdpVersionFinder findNearestMatch
WARNING: Unable to find an exact match for CDP version 129, returning the closest version; found: 126; Please update to a Selenium version that supports CDP version 129
Sep 26, 2024 5:43:42 PM org.openqa.selenium.devtools.CdpVersionFinder findNearestMatch
WARNING: Unable to find an exact match for CDP version 129, returning the closest version; found: 126; Please update to a Selenium version that supports CDP version 129
]]></system-err>
  </testcase>
  <testcase name="1 Input Field Functionalities" classname="Selenium 4 features" time="5.371">
    <system-out><![CDATA[
Scenario: 1 Input Field Functionalities  # src/test/resources/features/selenium4.feature:5
Browser Launched successfully==========
let code opened successfully==========
  Given Navigate to letcode application  # stepdefinations.InputFieldStep.navigate_to_letcode_application()
Button clicked: [[ChromeDriver: chrome on windows (d3bb41b82e088635310383c199fefda4)] -> xpath: //a[text()='Edit']]
  And Navigate to Input field page       # stepdefinations.InputFieldStep.navigate_to_input_field_page()
Input field value: ortonikc I'm adding new text to existing text
It is for readonly: false
  Then Enter the details in input fields # stepdefinations.InputFieldStep.enter_the_details_in_input_fields()
Browser closed successfully==========
]]></system-out>
    <system-err><![CDATA[Sep 26, 2024 5:43:43 PM org.openqa.selenium.devtools.CdpVersionFinder findNearestMatch
WARNING: Unable to find an exact match for CDP version 129, returning the closest version; found: 126; Please update to a Selenium version that supports CDP version 129
]]></system-err>
  </testcase>
  <testcase name="2 Buttons Page functions" classname="Selenium 4 features" time="7.646">
    <system-out><![CDATA[
Scenario: 2 Buttons Page functions      # src/test/resources/features/selenium4.feature:8
Browser Launched successfully==========
let code opened successfully==========
  Given Navigate to letcode application # stepdefinations.InputFieldStep.navigate_to_letcode_application()
entered to buttonspage
---------Buttons page opened--------
Clicked on buttons page.
  When click on buttons page            # stepdefinations.ButtonsStep.click_on_buttons_page()
Clicked on goto button.
  And click on goto button              # stepdefinations.ButtonsStep.click_on_goto_button()
=================Current URL: https://letcode.in/buttons
X coordinate : 122
Y coordinate : 338
Found the button location coordinates.
  And find the location of button       # stepdefinations.ButtonsStep.find_the_location_of_button()
Button Color: rgba(138, 77, 118, 1)
Button color found.
Completed the buttons operations.
  And find the button color             # stepdefinations.ButtonsStep.fine_the_button_color()
Browser closed successfully==========
]]></system-out>
    <system-err><![CDATA[Sep 26, 2024 5:43:49 PM org.openqa.selenium.devtools.CdpVersionFinder findNearestMatch
WARNING: Unable to find an exact match for CDP version 129, returning the closest version; found: 126; Please update to a Selenium version that supports CDP version 129
]]></system-err>
  </testcase>
  <testcase name="3 Windows handlings operations" classname="Selenium 4 features" time="26.607">
    <system-out><![CDATA[
Scenario: 3 Windows handlings operations                # src/test/resources/features/selenium4.feature:13
Browser Launched successfully==========
let code opened successfully==========
  Given Navigate to letcode application                 # stepdefinations.InputFieldStep.navigate_to_letcode_application()
  When Navigate to Windows handling page                # stepdefinations.WindowsHandlingStep.navigateToWindowsPage()
Child Window Title: LetCode - Testing Hub
completed open home page in windows handling
completed open home page in windows handling
  Then Open Home page Window, switch, and close windows # stepdefinations.WindowsHandlingStep.openHomePageAndCloseWindows()
Browser closed successfully==========
]]></system-out>
    <system-err><![CDATA[Sep 26, 2024 5:43:56 PM org.openqa.selenium.devtools.CdpVersionFinder findNearestMatch
WARNING: Unable to find an exact match for CDP version 129, returning the closest version; found: 126; Please update to a Selenium version that supports CDP version 129
]]></system-err>
  </testcase>
  <testcase name="4 multiple windows handling" classname="Selenium 4 features" time="18.081">
    <system-out><![CDATA[
Scenario: 4 multiple windows handling                # src/test/resources/features/selenium4.feature:16
Browser Launched successfully==========
let code opened successfully==========
  Given Navigate to letcode application              # stepdefinations.InputFieldStep.navigate_to_letcode_application()
  When Navigate to Windows handling page             # stepdefinations.WindowsHandlingStep.navigateToWindowsPage()
handling mutliple window functions
Window Title: Window handling - LetCode
Window Title: LetCode with Koushik
Window Title: LetCode with Koushik
before closing all the windows in multi windows
before closing all the windows in multi windows
before closing all the windows in multi windows
  Then Handle Multiple Windows and close all windows # stepdefinations.WindowsHandlingStep.handleMultipleWindowsAndClose()
Browser closed successfully==========
]]></system-out>
    <system-err><![CDATA[Sep 26, 2024 5:44:23 PM org.openqa.selenium.devtools.CdpVersionFinder findNearestMatch
WARNING: Unable to find an exact match for CDP version 129, returning the closest version; found: 126; Please update to a Selenium version that supports CDP version 129
Sep 26, 2024 5:44:40 PM org.openqa.selenium.remote.http.WebSocket$Listener onError
WARNING: Connection reset
java.net.SocketException: Connection reset
	at java.base/sun.nio.ch.SocketChannelImpl.throwConnectionReset(SocketChannelImpl.java:394)
	at java.base/sun.nio.ch.SocketChannelImpl.read(SocketChannelImpl.java:426)
	at java.net.http/jdk.internal.net.http.SocketTube.readAvailable(SocketTube.java:1170)
	at java.net.http/jdk.internal.net.http.SocketTube$InternalReadPublisher$InternalReadSubscription.read(SocketTube.java:833)
	at java.net.http/jdk.internal.net.http.SocketTube$SocketFlowTask.run(SocketTube.java:181)
	at java.net.http/jdk.internal.net.http.common.SequentialScheduler$SchedulableTask.run(SequentialScheduler.java:230)
	at java.net.http/jdk.internal.net.http.common.SequentialScheduler.runOrSchedule(SequentialScheduler.java:303)
	at java.net.http/jdk.internal.net.http.common.SequentialScheduler.runOrSchedule(SequentialScheduler.java:256)
	at java.net.http/jdk.internal.net.http.SocketTube$InternalReadPublisher$InternalReadSubscription.signalReadable(SocketTube.java:774)
	at java.net.http/jdk.internal.net.http.SocketTube$InternalReadPublisher$ReadEvent.signalEvent(SocketTube.java:957)
	at java.net.http/jdk.internal.net.http.SocketTube$SocketFlowEvent.handle(SocketTube.java:253)
	at java.net.http/jdk.internal.net.http.HttpClientImpl$SelectorManager.handleEvent(HttpClientImpl.java:979)
	at java.net.http/jdk.internal.net.http.HttpClientImpl$SelectorManager.lambda$run$3(HttpClientImpl.java:934)
	at java.base/java.util.ArrayList.forEach(ArrayList.java:1511)
	at java.net.http/jdk.internal.net.http.HttpClientImpl$SelectorManager.run(HttpClientImpl.java:934)

]]></system-err>
  </testcase>
</testsuite>